<?xml version="1.0" encoding="UTF-8"?>
<!-- Generated by org.testng.reporters.JUnitReportReporter -->
<testsuite hostname="DESKTOP-GEGVI44" failures="0" tests="3" name="TestRunner.EndToEndTest" time="93.302" errors="0" timestamp="2023-08-03T15:14:16 IST" skipped="0">
  <testcase classname="TestRunner.EndToEndTest" name="runScenario" time="7.810"/>
  <system-out/>
  <testcase classname="TestRunner.EndToEndTest" name="runScenario" time="82.008"/>
  <system-out/>
  <testcase classname="TestRunner.EndToEndTest" name="runScenario" time="3.484"/>
  <system-out/>
</testsuite> <!-- TestRunner.EndToEndTest -->
