<?xml version="1.0" encoding="UTF-8"?>
<!-- Generated by org.testng.reporters.JUnitReportReporter -->
<testsuite hostname="Aachals-Laptop" failures="0" tests="1" name="TestRunner.EndToEndTest" time="12.368" errors="0" timestamp="2023-08-03T13:32:51 IST" skipped="0">
  <testcase classname="TestRunner.EndToEndTest" name="runScenario" time="12.368"/>
  <system-out/>
</testsuite> <!-- TestRunner.EndToEndTest -->
