<?xml version="1.0" encoding="UTF-8"?>
<!-- Generated by org.testng.reporters.JUnitReportReporter -->
<testsuite hostname="VishaL" failures="0" tests="2" name="TestRunner.EndToEndTest" time="14.524" errors="0" timestamp="2023-08-03T14:18:07 IST" skipped="0">
  <testcase classname="TestRunner.EndToEndTest" name="runScenario" time="3.755"/>
  <system-out/>
  <testcase classname="TestRunner.EndToEndTest" name="runScenario" time="10.769"/>
  <system-out/>
</testsuite> <!-- TestRunner.EndToEndTest -->
